[INFO ] 2019-04-02T16:29:11,236Z [main] cordapp.JarScanningCordappLoader.<init> - Loading CorDapps from RestrictedURL(url=file:/Users/mwenyan@tibco.com/dovetail/src/github.com/TIBCOSoftware/dovetail-contrib/blockchain/corda/build/generated-custom-cordapps/20190402-162910.269/custom-cordapp_1_4_64b3f004-2e33-43da-ada8-4802f351815f.jar, rootPackageName=null) {}
[INFO ] 2019-04-02T16:29:11,286Z [main] cordapp.JarScanningCordappLoader.scanCordapp - Scanning CorDapp in file:/Users/mwenyan@tibco.com/dovetail/src/github.com/TIBCOSoftware/dovetail-contrib/blockchain/corda/build/generated-custom-cordapps/20190402-162910.269/custom-cordapp_1_4_64b3f004-2e33-43da-ada8-4802f351815f.jar {}
[INFO ] 2019-04-02T16:29:11,436Z [main] cordapp.JarScanningCordappLoader.findNotaryService - Found notary service CorDapp implementations:  {}
[INFO ] 2019-04-02T16:29:12,554Z [main] cordapp.JarScanningCordappLoader.<init> - Loading CorDapps from RestrictedURL(url=file:/Users/mwenyan@tibco.com/dovetail/src/github.com/TIBCOSoftware/dovetail-contrib/blockchain/corda/build/generated-custom-cordapps/20190402-162910.269/custom-cordapp_1_4_83844e6d-0867-4d6c-a861-f0a79cd0a5cf.jar, rootPackageName=null) {}
[INFO ] 2019-04-02T16:29:12,554Z [main] cordapp.JarScanningCordappLoader.scanCordapp - Scanning CorDapp in file:/Users/mwenyan@tibco.com/dovetail/src/github.com/TIBCOSoftware/dovetail-contrib/blockchain/corda/build/generated-custom-cordapps/20190402-162910.269/custom-cordapp_1_4_83844e6d-0867-4d6c-a861-f0a79cd0a5cf.jar {}
[INFO ] 2019-04-02T16:29:12,577Z [main] cordapp.JarScanningCordappLoader.findNotaryService - Found notary service CorDapp implementations:  {}
[WARN ] 2019-04-02T16:29:12,577Z [main] cordapp.CordappResolver.register - More than one CorDapp registered for net.corda.core.internal.cordapp.CordappImpl. {}
[INFO ] 2019-04-02T16:32:16,787Z [main] cordapp.JarScanningCordappLoader.<init> - Loading CorDapps from RestrictedURL(url=file:/Users/mwenyan@tibco.com/dovetail/src/github.com/TIBCOSoftware/dovetail-contrib/blockchain/corda/build/generated-custom-cordapps/20190402-163216.039/custom-cordapp_1_4_788e3e25-ac48-4e9b-8969-4bee0ad628b5.jar, rootPackageName=null) {}
[INFO ] 2019-04-02T16:32:16,829Z [main] cordapp.JarScanningCordappLoader.scanCordapp - Scanning CorDapp in file:/Users/mwenyan@tibco.com/dovetail/src/github.com/TIBCOSoftware/dovetail-contrib/blockchain/corda/build/generated-custom-cordapps/20190402-163216.039/custom-cordapp_1_4_788e3e25-ac48-4e9b-8969-4bee0ad628b5.jar {}
[INFO ] 2019-04-02T16:32:16,998Z [main] cordapp.JarScanningCordappLoader.findNotaryService - Found notary service CorDapp implementations:  {}
[INFO ] 2019-04-02T16:32:18,086Z [main] cordapp.JarScanningCordappLoader.<init> - Loading CorDapps from RestrictedURL(url=file:/Users/mwenyan@tibco.com/dovetail/src/github.com/TIBCOSoftware/dovetail-contrib/blockchain/corda/build/generated-custom-cordapps/20190402-163216.039/custom-cordapp_1_4_be454985-daff-4745-bed6-98020041f7be.jar, rootPackageName=null) {}
[INFO ] 2019-04-02T16:32:18,086Z [main] cordapp.JarScanningCordappLoader.scanCordapp - Scanning CorDapp in file:/Users/mwenyan@tibco.com/dovetail/src/github.com/TIBCOSoftware/dovetail-contrib/blockchain/corda/build/generated-custom-cordapps/20190402-163216.039/custom-cordapp_1_4_be454985-daff-4745-bed6-98020041f7be.jar {}
[INFO ] 2019-04-02T16:32:18,120Z [main] cordapp.JarScanningCordappLoader.findNotaryService - Found notary service CorDapp implementations:  {}
[WARN ] 2019-04-02T16:32:18,121Z [main] cordapp.CordappResolver.register - More than one CorDapp registered for net.corda.core.internal.cordapp.CordappImpl. {}
[INFO ] 2019-04-02T17:34:57,966Z [main] cordapp.JarScanningCordappLoader.<init> - Loading CorDapps from RestrictedURL(url=file:/Users/mwenyan@tibco.com/dovetail/src/github.com/TIBCOSoftware/dovetail-contrib/blockchain/corda/build/generated-custom-cordapps/20190402-173457.093/custom-cordapp_1_4_52c317d9-1a63-465c-9cf6-bd7e3283114c.jar, rootPackageName=null) {}
[INFO ] 2019-04-02T17:34:57,994Z [main] cordapp.JarScanningCordappLoader.scanCordapp - Scanning CorDapp in file:/Users/mwenyan@tibco.com/dovetail/src/github.com/TIBCOSoftware/dovetail-contrib/blockchain/corda/build/generated-custom-cordapps/20190402-173457.093/custom-cordapp_1_4_52c317d9-1a63-465c-9cf6-bd7e3283114c.jar {}
[INFO ] 2019-04-02T17:34:58,185Z [main] cordapp.JarScanningCordappLoader.findNotaryService - Found notary service CorDapp implementations:  {}
[INFO ] 2019-04-02T17:34:59,643Z [main] cordapp.JarScanningCordappLoader.<init> - Loading CorDapps from RestrictedURL(url=file:/Users/mwenyan@tibco.com/dovetail/src/github.com/TIBCOSoftware/dovetail-contrib/blockchain/corda/build/generated-custom-cordapps/20190402-173457.093/custom-cordapp_1_4_24d47070-a537-4624-be6c-b526bacc9fb3.jar, rootPackageName=null) {}
[INFO ] 2019-04-02T17:34:59,643Z [main] cordapp.JarScanningCordappLoader.scanCordapp - Scanning CorDapp in file:/Users/mwenyan@tibco.com/dovetail/src/github.com/TIBCOSoftware/dovetail-contrib/blockchain/corda/build/generated-custom-cordapps/20190402-173457.093/custom-cordapp_1_4_24d47070-a537-4624-be6c-b526bacc9fb3.jar {}
[INFO ] 2019-04-02T17:34:59,667Z [main] cordapp.JarScanningCordappLoader.findNotaryService - Found notary service CorDapp implementations:  {}
[WARN ] 2019-04-02T17:34:59,667Z [main] cordapp.CordappResolver.register - More than one CorDapp registered for net.corda.core.internal.cordapp.CordappImpl. {}
[INFO ] 2019-04-02T17:38:24,185Z [main] cordapp.JarScanningCordappLoader.<init> - Loading CorDapps from RestrictedURL(url=file:/Users/mwenyan@tibco.com/dovetail/src/github.com/TIBCOSoftware/dovetail-contrib/blockchain/corda/build/generated-custom-cordapps/20190402-173823.346/custom-cordapp_1_4_f92ca276-e4d9-45f6-87eb-9bb8195298d7.jar, rootPackageName=null) {}
[INFO ] 2019-04-02T17:38:24,214Z [main] cordapp.JarScanningCordappLoader.scanCordapp - Scanning CorDapp in file:/Users/mwenyan@tibco.com/dovetail/src/github.com/TIBCOSoftware/dovetail-contrib/blockchain/corda/build/generated-custom-cordapps/20190402-173823.346/custom-cordapp_1_4_f92ca276-e4d9-45f6-87eb-9bb8195298d7.jar {}
[INFO ] 2019-04-02T17:38:24,374Z [main] cordapp.JarScanningCordappLoader.findNotaryService - Found notary service CorDapp implementations:  {}
[INFO ] 2019-04-02T17:38:25,439Z [main] cordapp.JarScanningCordappLoader.<init> - Loading CorDapps from RestrictedURL(url=file:/Users/mwenyan@tibco.com/dovetail/src/github.com/TIBCOSoftware/dovetail-contrib/blockchain/corda/build/generated-custom-cordapps/20190402-173823.346/custom-cordapp_1_4_d93ddd46-7686-4843-8d1f-04834b2f46e9.jar, rootPackageName=null) {}
[INFO ] 2019-04-02T17:38:25,439Z [main] cordapp.JarScanningCordappLoader.scanCordapp - Scanning CorDapp in file:/Users/mwenyan@tibco.com/dovetail/src/github.com/TIBCOSoftware/dovetail-contrib/blockchain/corda/build/generated-custom-cordapps/20190402-173823.346/custom-cordapp_1_4_d93ddd46-7686-4843-8d1f-04834b2f46e9.jar {}
[INFO ] 2019-04-02T17:38:25,476Z [main] cordapp.JarScanningCordappLoader.findNotaryService - Found notary service CorDapp implementations:  {}
[WARN ] 2019-04-02T17:38:25,476Z [main] cordapp.CordappResolver.register - More than one CorDapp registered for net.corda.core.internal.cordapp.CordappImpl. {}
[INFO ] 2019-04-02T17:38:51,481Z [main] cordapp.JarScanningCordappLoader.<init> - Loading CorDapps from RestrictedURL(url=file:/Users/mwenyan@tibco.com/dovetail/src/github.com/TIBCOSoftware/dovetail-contrib/blockchain/corda/build/generated-custom-cordapps/20190402-173850.708/custom-cordapp_1_4_572c8fed-32ca-4518-8920-51adf76ae04f.jar, rootPackageName=null) {}
[INFO ] 2019-04-02T17:38:51,513Z [main] cordapp.JarScanningCordappLoader.scanCordapp - Scanning CorDapp in file:/Users/mwenyan@tibco.com/dovetail/src/github.com/TIBCOSoftware/dovetail-contrib/blockchain/corda/build/generated-custom-cordapps/20190402-173850.708/custom-cordapp_1_4_572c8fed-32ca-4518-8920-51adf76ae04f.jar {}
[INFO ] 2019-04-02T17:38:51,704Z [main] cordapp.JarScanningCordappLoader.findNotaryService - Found notary service CorDapp implementations:  {}
[INFO ] 2019-04-02T17:38:52,826Z [main] cordapp.JarScanningCordappLoader.<init> - Loading CorDapps from RestrictedURL(url=file:/Users/mwenyan@tibco.com/dovetail/src/github.com/TIBCOSoftware/dovetail-contrib/blockchain/corda/build/generated-custom-cordapps/20190402-173850.708/custom-cordapp_1_4_0c6cefe2-77c9-418a-b89f-0070eed7c9c0.jar, rootPackageName=null) {}
[INFO ] 2019-04-02T17:38:52,826Z [main] cordapp.JarScanningCordappLoader.scanCordapp - Scanning CorDapp in file:/Users/mwenyan@tibco.com/dovetail/src/github.com/TIBCOSoftware/dovetail-contrib/blockchain/corda/build/generated-custom-cordapps/20190402-173850.708/custom-cordapp_1_4_0c6cefe2-77c9-418a-b89f-0070eed7c9c0.jar {}
[INFO ] 2019-04-02T17:38:52,852Z [main] cordapp.JarScanningCordappLoader.findNotaryService - Found notary service CorDapp implementations:  {}
[WARN ] 2019-04-02T17:38:52,853Z [main] cordapp.CordappResolver.register - More than one CorDapp registered for net.corda.core.internal.cordapp.CordappImpl. {}
[INFO ] 2019-04-02T17:54:20,006Z [main] cordapp.JarScanningCordappLoader.<init> - Loading CorDapps from RestrictedURL(url=file:/Users/mwenyan@tibco.com/dovetail/src/github.com/TIBCOSoftware/dovetail-contrib/blockchain/corda/build/generated-custom-cordapps/20190402-175419.218/custom-cordapp_1_4_58787aa4-9408-43b3-bb69-f050d814f4f1.jar, rootPackageName=null) {}
[INFO ] 2019-04-02T17:54:20,034Z [main] cordapp.JarScanningCordappLoader.scanCordapp - Scanning CorDapp in file:/Users/mwenyan@tibco.com/dovetail/src/github.com/TIBCOSoftware/dovetail-contrib/blockchain/corda/build/generated-custom-cordapps/20190402-175419.218/custom-cordapp_1_4_58787aa4-9408-43b3-bb69-f050d814f4f1.jar {}
[INFO ] 2019-04-02T17:54:20,182Z [main] cordapp.JarScanningCordappLoader.findNotaryService - Found notary service CorDapp implementations:  {}
[INFO ] 2019-04-02T17:54:21,069Z [main] cordapp.JarScanningCordappLoader.<init> - Loading CorDapps from RestrictedURL(url=file:/Users/mwenyan@tibco.com/dovetail/src/github.com/TIBCOSoftware/dovetail-contrib/blockchain/corda/build/generated-custom-cordapps/20190402-175419.218/custom-cordapp_1_4_17012c8c-e71e-469a-ab47-0750b9106798.jar, rootPackageName=null) {}
[INFO ] 2019-04-02T17:54:21,069Z [main] cordapp.JarScanningCordappLoader.scanCordapp - Scanning CorDapp in file:/Users/mwenyan@tibco.com/dovetail/src/github.com/TIBCOSoftware/dovetail-contrib/blockchain/corda/build/generated-custom-cordapps/20190402-175419.218/custom-cordapp_1_4_17012c8c-e71e-469a-ab47-0750b9106798.jar {}
[INFO ] 2019-04-02T17:54:21,093Z [main] cordapp.JarScanningCordappLoader.findNotaryService - Found notary service CorDapp implementations:  {}
[WARN ] 2019-04-02T17:54:21,094Z [main] cordapp.CordappResolver.register - More than one CorDapp registered for net.corda.core.internal.cordapp.CordappImpl. {}
[INFO ] 2019-04-02T18:08:42,968Z [main] cordapp.JarScanningCordappLoader.<init> - Loading CorDapps from RestrictedURL(url=file:/Users/mwenyan@tibco.com/dovetail/src/github.com/TIBCOSoftware/dovetail-contrib/blockchain/corda/build/generated-custom-cordapps/20190402-180842.058/custom-cordapp_1_4_414e8971-439e-4fb1-b263-c2b654cf2c52.jar, rootPackageName=null) {}
[INFO ] 2019-04-02T18:08:42,999Z [main] cordapp.JarScanningCordappLoader.scanCordapp - Scanning CorDapp in file:/Users/mwenyan@tibco.com/dovetail/src/github.com/TIBCOSoftware/dovetail-contrib/blockchain/corda/build/generated-custom-cordapps/20190402-180842.058/custom-cordapp_1_4_414e8971-439e-4fb1-b263-c2b654cf2c52.jar {}
[INFO ] 2019-04-02T18:08:43,142Z [main] cordapp.JarScanningCordappLoader.findNotaryService - Found notary service CorDapp implementations:  {}
[INFO ] 2019-04-02T18:08:44,214Z [main] cordapp.JarScanningCordappLoader.<init> - Loading CorDapps from RestrictedURL(url=file:/Users/mwenyan@tibco.com/dovetail/src/github.com/TIBCOSoftware/dovetail-contrib/blockchain/corda/build/generated-custom-cordapps/20190402-180842.058/custom-cordapp_1_4_dff6ad0b-1433-4884-8554-15f0915714d1.jar, rootPackageName=null) {}
[INFO ] 2019-04-02T18:08:44,215Z [main] cordapp.JarScanningCordappLoader.scanCordapp - Scanning CorDapp in file:/Users/mwenyan@tibco.com/dovetail/src/github.com/TIBCOSoftware/dovetail-contrib/blockchain/corda/build/generated-custom-cordapps/20190402-180842.058/custom-cordapp_1_4_dff6ad0b-1433-4884-8554-15f0915714d1.jar {}
[INFO ] 2019-04-02T18:08:44,239Z [main] cordapp.JarScanningCordappLoader.findNotaryService - Found notary service CorDapp implementations:  {}
[WARN ] 2019-04-02T18:08:44,239Z [main] cordapp.CordappResolver.register - More than one CorDapp registered for net.corda.core.internal.cordapp.CordappImpl. {}
[INFO ] 2019-04-02T18:38:58,728Z [main] cordapp.JarScanningCordappLoader.<init> - Loading CorDapps from RestrictedURL(url=file:/Users/mwenyan@tibco.com/dovetail/src/github.com/TIBCOSoftware/dovetail-contrib/blockchain/corda/build/generated-custom-cordapps/20190402-183857.956/custom-cordapp_1_4_978701eb-251e-4846-95d2-d77924e48787.jar, rootPackageName=null) {}
[INFO ] 2019-04-02T18:38:58,754Z [main] cordapp.JarScanningCordappLoader.scanCordapp - Scanning CorDapp in file:/Users/mwenyan@tibco.com/dovetail/src/github.com/TIBCOSoftware/dovetail-contrib/blockchain/corda/build/generated-custom-cordapps/20190402-183857.956/custom-cordapp_1_4_978701eb-251e-4846-95d2-d77924e48787.jar {}
[INFO ] 2019-04-02T18:38:58,895Z [main] cordapp.JarScanningCordappLoader.findNotaryService - Found notary service CorDapp implementations:  {}
[INFO ] 2019-04-02T18:38:59,859Z [main] cordapp.JarScanningCordappLoader.<init> - Loading CorDapps from RestrictedURL(url=file:/Users/mwenyan@tibco.com/dovetail/src/github.com/TIBCOSoftware/dovetail-contrib/blockchain/corda/build/generated-custom-cordapps/20190402-183857.956/custom-cordapp_1_4_69dabd8c-a70b-4473-9350-1620b90c8427.jar, rootPackageName=null) {}
[INFO ] 2019-04-02T18:38:59,859Z [main] cordapp.JarScanningCordappLoader.scanCordapp - Scanning CorDapp in file:/Users/mwenyan@tibco.com/dovetail/src/github.com/TIBCOSoftware/dovetail-contrib/blockchain/corda/build/generated-custom-cordapps/20190402-183857.956/custom-cordapp_1_4_69dabd8c-a70b-4473-9350-1620b90c8427.jar {}
[INFO ] 2019-04-02T18:38:59,884Z [main] cordapp.JarScanningCordappLoader.findNotaryService - Found notary service CorDapp implementations:  {}
[WARN ] 2019-04-02T18:38:59,884Z [main] cordapp.CordappResolver.register - More than one CorDapp registered for net.corda.core.internal.cordapp.CordappImpl. {}
[INFO ] 2019-04-02T18:48:24,715Z [main] cordapp.JarScanningCordappLoader.<init> - Loading CorDapps from RestrictedURL(url=file:/Users/mwenyan@tibco.com/dovetail/src/github.com/TIBCOSoftware/dovetail-contrib/blockchain/corda/build/generated-custom-cordapps/20190402-184823.912/custom-cordapp_1_4_0bfe3a75-b57c-4155-b4c2-f586227c0709.jar, rootPackageName=null) {}
[INFO ] 2019-04-02T18:48:24,746Z [main] cordapp.JarScanningCordappLoader.scanCordapp - Scanning CorDapp in file:/Users/mwenyan@tibco.com/dovetail/src/github.com/TIBCOSoftware/dovetail-contrib/blockchain/corda/build/generated-custom-cordapps/20190402-184823.912/custom-cordapp_1_4_0bfe3a75-b57c-4155-b4c2-f586227c0709.jar {}
[INFO ] 2019-04-02T18:48:24,911Z [main] cordapp.JarScanningCordappLoader.findNotaryService - Found notary service CorDapp implementations:  {}
[INFO ] 2019-04-02T18:48:25,932Z [main] cordapp.JarScanningCordappLoader.<init> - Loading CorDapps from RestrictedURL(url=file:/Users/mwenyan@tibco.com/dovetail/src/github.com/TIBCOSoftware/dovetail-contrib/blockchain/corda/build/generated-custom-cordapps/20190402-184823.912/custom-cordapp_1_4_405a8ab8-b4b5-4efb-a96b-d87140e95238.jar, rootPackageName=null) {}
[INFO ] 2019-04-02T18:48:25,932Z [main] cordapp.JarScanningCordappLoader.scanCordapp - Scanning CorDapp in file:/Users/mwenyan@tibco.com/dovetail/src/github.com/TIBCOSoftware/dovetail-contrib/blockchain/corda/build/generated-custom-cordapps/20190402-184823.912/custom-cordapp_1_4_405a8ab8-b4b5-4efb-a96b-d87140e95238.jar {}
[INFO ] 2019-04-02T18:48:25,969Z [main] cordapp.JarScanningCordappLoader.findNotaryService - Found notary service CorDapp implementations:  {}
[WARN ] 2019-04-02T18:48:25,969Z [main] cordapp.CordappResolver.register - More than one CorDapp registered for net.corda.core.internal.cordapp.CordappImpl. {}
[INFO ] 2019-04-02T18:53:40,315Z [main] cordapp.JarScanningCordappLoader.<init> - Loading CorDapps from RestrictedURL(url=file:/Users/mwenyan@tibco.com/dovetail/src/github.com/TIBCOSoftware/dovetail-contrib/blockchain/corda/build/generated-custom-cordapps/20190402-185339.543/custom-cordapp_1_4_2c29c9c4-c353-4140-b596-13575ed0fc94.jar, rootPackageName=null) {}
[INFO ] 2019-04-02T18:53:40,343Z [main] cordapp.JarScanningCordappLoader.scanCordapp - Scanning CorDapp in file:/Users/mwenyan@tibco.com/dovetail/src/github.com/TIBCOSoftware/dovetail-contrib/blockchain/corda/build/generated-custom-cordapps/20190402-185339.543/custom-cordapp_1_4_2c29c9c4-c353-4140-b596-13575ed0fc94.jar {}
[INFO ] 2019-04-02T18:53:40,519Z [main] cordapp.JarScanningCordappLoader.findNotaryService - Found notary service CorDapp implementations:  {}
[INFO ] 2019-04-02T18:53:41,535Z [main] cordapp.JarScanningCordappLoader.<init> - Loading CorDapps from RestrictedURL(url=file:/Users/mwenyan@tibco.com/dovetail/src/github.com/TIBCOSoftware/dovetail-contrib/blockchain/corda/build/generated-custom-cordapps/20190402-185339.543/custom-cordapp_1_4_4b384a6f-0106-4694-abfc-65be7bde2a06.jar, rootPackageName=null) {}
[INFO ] 2019-04-02T18:53:41,535Z [main] cordapp.JarScanningCordappLoader.scanCordapp - Scanning CorDapp in file:/Users/mwenyan@tibco.com/dovetail/src/github.com/TIBCOSoftware/dovetail-contrib/blockchain/corda/build/generated-custom-cordapps/20190402-185339.543/custom-cordapp_1_4_4b384a6f-0106-4694-abfc-65be7bde2a06.jar {}
[INFO ] 2019-04-02T18:53:41,559Z [main] cordapp.JarScanningCordappLoader.findNotaryService - Found notary service CorDapp implementations:  {}
[WARN ] 2019-04-02T18:53:41,561Z [main] cordapp.CordappResolver.register - More than one CorDapp registered for net.corda.core.internal.cordapp.CordappImpl. {}
[INFO ] 2019-04-02T22:04:31,838Z [main] cordapp.JarScanningCordappLoader.<init> - Loading CorDapps from RestrictedURL(url=file:/Users/mwenyan@tibco.com/dovetail/src/github.com/TIBCOSoftware/dovetail-contrib/blockchain/corda/build/generated-custom-cordapps/20190402-220430.881/custom-cordapp_1_4_4af80a0b-e259-4bb3-a3e2-1ef491363dc9.jar, rootPackageName=null) {}
[INFO ] 2019-04-02T22:04:31,884Z [main] cordapp.JarScanningCordappLoader.scanCordapp - Scanning CorDapp in file:/Users/mwenyan@tibco.com/dovetail/src/github.com/TIBCOSoftware/dovetail-contrib/blockchain/corda/build/generated-custom-cordapps/20190402-220430.881/custom-cordapp_1_4_4af80a0b-e259-4bb3-a3e2-1ef491363dc9.jar {}
[INFO ] 2019-04-02T22:04:32,058Z [main] cordapp.JarScanningCordappLoader.findNotaryService - Found notary service CorDapp implementations:  {}
[INFO ] 2019-04-02T22:04:33,476Z [main] cordapp.JarScanningCordappLoader.<init> - Loading CorDapps from RestrictedURL(url=file:/Users/mwenyan@tibco.com/dovetail/src/github.com/TIBCOSoftware/dovetail-contrib/blockchain/corda/build/generated-custom-cordapps/20190402-220430.881/custom-cordapp_1_4_cc4fbb42-0283-4326-8083-28d7879c91f9.jar, rootPackageName=null) {}
[INFO ] 2019-04-02T22:04:33,476Z [main] cordapp.JarScanningCordappLoader.scanCordapp - Scanning CorDapp in file:/Users/mwenyan@tibco.com/dovetail/src/github.com/TIBCOSoftware/dovetail-contrib/blockchain/corda/build/generated-custom-cordapps/20190402-220430.881/custom-cordapp_1_4_cc4fbb42-0283-4326-8083-28d7879c91f9.jar {}
[INFO ] 2019-04-02T22:04:33,499Z [main] cordapp.JarScanningCordappLoader.findNotaryService - Found notary service CorDapp implementations:  {}
[WARN ] 2019-04-02T22:04:33,500Z [main] cordapp.CordappResolver.register - More than one CorDapp registered for net.corda.core.internal.cordapp.CordappImpl. {}
[INFO ] 2019-04-02T22:24:42,620Z [main] cordapp.JarScanningCordappLoader.<init> - Loading CorDapps from RestrictedURL(url=file:/Users/mwenyan@tibco.com/dovetail/src/github.com/TIBCOSoftware/dovetail-contrib/blockchain/corda/build/generated-custom-cordapps/20190402-222441.727/custom-cordapp_1_4_0c061f1f-41a9-4570-a49c-01d4f392c983.jar, rootPackageName=null) {}
[INFO ] 2019-04-02T22:24:42,663Z [main] cordapp.JarScanningCordappLoader.scanCordapp - Scanning CorDapp in file:/Users/mwenyan@tibco.com/dovetail/src/github.com/TIBCOSoftware/dovetail-contrib/blockchain/corda/build/generated-custom-cordapps/20190402-222441.727/custom-cordapp_1_4_0c061f1f-41a9-4570-a49c-01d4f392c983.jar {}
[INFO ] 2019-04-02T22:24:42,805Z [main] cordapp.JarScanningCordappLoader.findNotaryService - Found notary service CorDapp implementations:  {}
[INFO ] 2019-04-02T22:24:44,167Z [main] cordapp.JarScanningCordappLoader.<init> - Loading CorDapps from RestrictedURL(url=file:/Users/mwenyan@tibco.com/dovetail/src/github.com/TIBCOSoftware/dovetail-contrib/blockchain/corda/build/generated-custom-cordapps/20190402-222441.727/custom-cordapp_1_4_255cc532-101f-4979-9fda-b1ec341412a5.jar, rootPackageName=null) {}
[INFO ] 2019-04-02T22:24:44,167Z [main] cordapp.JarScanningCordappLoader.scanCordapp - Scanning CorDapp in file:/Users/mwenyan@tibco.com/dovetail/src/github.com/TIBCOSoftware/dovetail-contrib/blockchain/corda/build/generated-custom-cordapps/20190402-222441.727/custom-cordapp_1_4_255cc532-101f-4979-9fda-b1ec341412a5.jar {}
[INFO ] 2019-04-02T22:24:44,192Z [main] cordapp.JarScanningCordappLoader.findNotaryService - Found notary service CorDapp implementations:  {}
[WARN ] 2019-04-02T22:24:44,193Z [main] cordapp.CordappResolver.register - More than one CorDapp registered for net.corda.core.internal.cordapp.CordappImpl. {}
[INFO ] 2019-04-02T22:28:41,111Z [main] cordapp.JarScanningCordappLoader.<init> - Loading CorDapps from RestrictedURL(url=file:/Users/mwenyan@tibco.com/dovetail/src/github.com/TIBCOSoftware/dovetail-contrib/blockchain/corda/build/generated-custom-cordapps/20190402-222840.039/custom-cordapp_1_4_9f47b099-ca44-4ef7-b213-bb259b19b434.jar, rootPackageName=null) {}
[INFO ] 2019-04-02T22:28:41,141Z [main] cordapp.JarScanningCordappLoader.scanCordapp - Scanning CorDapp in file:/Users/mwenyan@tibco.com/dovetail/src/github.com/TIBCOSoftware/dovetail-contrib/blockchain/corda/build/generated-custom-cordapps/20190402-222840.039/custom-cordapp_1_4_9f47b099-ca44-4ef7-b213-bb259b19b434.jar {}
[INFO ] 2019-04-02T22:28:41,290Z [main] cordapp.JarScanningCordappLoader.findNotaryService - Found notary service CorDapp implementations:  {}
[INFO ] 2019-04-02T22:28:42,709Z [main] cordapp.JarScanningCordappLoader.<init> - Loading CorDapps from RestrictedURL(url=file:/Users/mwenyan@tibco.com/dovetail/src/github.com/TIBCOSoftware/dovetail-contrib/blockchain/corda/build/generated-custom-cordapps/20190402-222840.039/custom-cordapp_1_4_a2f30f0c-f880-40b8-9a16-cad59f024cdc.jar, rootPackageName=null) {}
[INFO ] 2019-04-02T22:28:42,710Z [main] cordapp.JarScanningCordappLoader.scanCordapp - Scanning CorDapp in file:/Users/mwenyan@tibco.com/dovetail/src/github.com/TIBCOSoftware/dovetail-contrib/blockchain/corda/build/generated-custom-cordapps/20190402-222840.039/custom-cordapp_1_4_a2f30f0c-f880-40b8-9a16-cad59f024cdc.jar {}
[INFO ] 2019-04-02T22:28:42,732Z [main] cordapp.JarScanningCordappLoader.findNotaryService - Found notary service CorDapp implementations:  {}
[WARN ] 2019-04-02T22:28:42,733Z [main] cordapp.CordappResolver.register - More than one CorDapp registered for net.corda.core.internal.cordapp.CordappImpl. {}
[INFO ] 2019-04-02T23:09:07,146Z [main] cordapp.JarScanningCordappLoader.<init> - Loading CorDapps from RestrictedURL(url=file:/Users/mwenyan@tibco.com/dovetail/src/github.com/TIBCOSoftware/dovetail-contrib/blockchain/corda/build/generated-custom-cordapps/20190402-230906.223/custom-cordapp_1_4_66cf32d1-f43f-4145-81c0-860b1c290b35.jar, rootPackageName=null) {}
[INFO ] 2019-04-02T23:09:07,190Z [main] cordapp.JarScanningCordappLoader.scanCordapp - Scanning CorDapp in file:/Users/mwenyan@tibco.com/dovetail/src/github.com/TIBCOSoftware/dovetail-contrib/blockchain/corda/build/generated-custom-cordapps/20190402-230906.223/custom-cordapp_1_4_66cf32d1-f43f-4145-81c0-860b1c290b35.jar {}
[INFO ] 2019-04-02T23:09:07,341Z [main] cordapp.JarScanningCordappLoader.findNotaryService - Found notary service CorDapp implementations:  {}
[INFO ] 2019-04-02T23:09:08,698Z [main] cordapp.JarScanningCordappLoader.<init> - Loading CorDapps from RestrictedURL(url=file:/Users/mwenyan@tibco.com/dovetail/src/github.com/TIBCOSoftware/dovetail-contrib/blockchain/corda/build/generated-custom-cordapps/20190402-230906.223/custom-cordapp_1_4_5d39e438-cfb5-4e3b-a296-94f525012764.jar, rootPackageName=null) {}
[INFO ] 2019-04-02T23:09:08,698Z [main] cordapp.JarScanningCordappLoader.scanCordapp - Scanning CorDapp in file:/Users/mwenyan@tibco.com/dovetail/src/github.com/TIBCOSoftware/dovetail-contrib/blockchain/corda/build/generated-custom-cordapps/20190402-230906.223/custom-cordapp_1_4_5d39e438-cfb5-4e3b-a296-94f525012764.jar {}
[INFO ] 2019-04-02T23:09:08,734Z [main] cordapp.JarScanningCordappLoader.findNotaryService - Found notary service CorDapp implementations:  {}
[WARN ] 2019-04-02T23:09:08,735Z [main] cordapp.CordappResolver.register - More than one CorDapp registered for net.corda.core.internal.cordapp.CordappImpl. {}
